TN:
SF:/Users/cliffano/dev/workspace/cmdt/lib/checker.js
FN:10,_checkExitCode
FN:34,_checkOutput
FN:45,_checkStdout
FN:56,_checkStderr
FN:60,__checkRegExp
FN:80,check
FN:85,(anonymous_7)
FNF:7
FNH:7
FNDA:9,_checkExitCode
FNDA:9,_checkOutput
FNDA:9,_checkStdout
FNDA:9,_checkStderr
FNDA:27,__checkRegExp
FNDA:9,check
FNDA:36,(anonymous_7)
DA:1,1
DA:10,1
DA:12,9
DA:13,9
DA:14,9
DA:16,9
DA:17,1
DA:20,9
DA:21,1
DA:24,9
DA:34,1
DA:35,9
DA:45,1
DA:46,9
DA:56,1
DA:57,9
DA:60,1
DA:62,27
DA:63,27
DA:64,27
DA:66,27
DA:67,2
DA:70,27
DA:80,1
DA:82,9
DA:83,9
DA:85,9
DA:86,36
DA:87,36
DA:88,3
DA:92,9
DA:95,1
LF:32
LH:32
BRDA:16,1,0,1
BRDA:16,1,1,8
BRDA:20,2,0,1
BRDA:20,2,1,8
BRDA:20,3,0,9
BRDA:20,3,1,4
BRDA:66,4,0,2
BRDA:66,4,1,25
BRDA:66,5,0,27
BRDA:66,5,1,5
BRDA:87,6,0,3
BRDA:87,6,1,33
BRF:12
BRH:12
end_of_record
TN:
SF:/Users/cliffano/dev/workspace/cmdt/lib/cli.js
FN:4,_init
FN:9,_run
FN:14,(anonymous_3)
FN:22,(anonymous_4)
FN:30,exec
FNF:5
FNH:5
FNDA:1,_init
FNDA:1,_run
FNDA:2,(anonymous_3)
FNDA:1,(anonymous_4)
FNDA:3,exec
DA:1,1
DA:2,1
DA:4,1
DA:5,1
DA:6,1
DA:9,1
DA:11,1
DA:12,1
DA:14,1
DA:15,2
DA:18,1
DA:19,1
DA:20,1
DA:22,1
DA:23,1
DA:30,1
DA:32,3
DA:39,3
DA:42,1
LF:19
LH:19
BRF:0
BRH:0
end_of_record
TN:
SF:/Users/cliffano/dev/workspace/cmdt/lib/cmdt.js
FN:19,Cmdt
FN:33,(anonymous_2)
FN:43,(anonymous_3)
FN:51,copyFixture
FN:52,(anonymous_5)
FN:58,execTests
FN:59,(anonymous_7)
FN:68,iter
FN:72,(anonymous_9)
FN:85,(anonymous_10)
FN:104,(anonymous_11)
FN:111,processTest
FN:125,(anonymous_13)
FN:128,(anonymous_14)
FN:132,(anonymous_15)
FN:148,(anonymous_16)
FN:152,(anonymous_17)
FNF:17
FNH:17
FNDA:10,Cmdt
FNDA:1,(anonymous_2)
FNDA:4,(anonymous_3)
FNDA:6,copyFixture
FNDA:5,(anonymous_5)
FNDA:6,execTests
FNDA:6,(anonymous_7)
FNDA:7,iter
FNDA:7,(anonymous_9)
FNDA:4,(anonymous_10)
FNDA:6,(anonymous_11)
FNDA:1,processTest
FNDA:1,(anonymous_13)
FNDA:1,(anonymous_14)
FNDA:1,(anonymous_15)
FNDA:3,(anonymous_16)
FNDA:2,(anonymous_17)
DA:1,1
DA:2,1
DA:3,1
DA:4,1
DA:5,1
DA:6,1
DA:7,1
DA:8,1
DA:9,1
DA:10,1
DA:11,1
DA:12,1
DA:13,1
DA:14,1
DA:19,1
DA:21,10
DA:22,10
DA:23,10
DA:24,10
DA:25,10
DA:33,1
DA:34,1
DA:43,1
DA:45,4
DA:46,4
DA:48,4
DA:49,4
DA:51,1
DA:52,6
DA:53,5
DA:54,5
DA:58,1
DA:59,6
DA:60,6
DA:61,1
DA:63,5
DA:68,1
DA:70,7
DA:72,7
DA:74,7
DA:75,1
DA:78,6
DA:79,6
DA:80,6
DA:85,4
DA:86,4
DA:87,2
DA:88,2
DA:89,1
DA:92,4
DA:104,1
DA:106,6
DA:108,6
DA:109,6
DA:111,1
DA:113,1
DA:114,1
DA:116,1
DA:123,1
DA:125,1
DA:126,1
DA:128,1
DA:129,1
DA:130,1
DA:132,1
DA:133,1
DA:134,1
DA:138,6
DA:148,1
DA:150,3
DA:152,3
DA:154,2
DA:155,2
DA:157,2
DA:158,1
DA:160,1
DA:162,2
DA:166,1
LF:78
LH:78
BRDA:21,1,0,10
BRDA:21,1,1,4
BRDA:22,2,0,10
BRDA:22,2,1,5
BRDA:23,3,0,10
BRDA:23,3,1,9
BRDA:53,4,0,4
BRDA:53,4,1,1
BRDA:60,5,0,1
BRDA:60,5,1,5
BRDA:74,6,0,1
BRDA:74,6,1,6
BRDA:86,7,0,2
BRDA:86,7,1,2
BRDA:88,8,0,1
BRDA:88,8,1,1
BRDA:157,9,0,1
BRDA:157,9,1,1
BRF:18
BRH:18
end_of_record
TN:
SF:/Users/cliffano/dev/workspace/cmdt/lib/reporters/console.js
FN:12,_segment
FN:23,_success
FN:35,_failure
FN:45,_end
FN:66,(anonymous_5)
FN:75,(anonymous_6)
FN:82,(anonymous_7)
FN:101,_dir
FN:111,Reporter
FNF:9
FNH:9
FNDA:1,_segment
FNDA:2,_success
FNDA:2,_failure
FNDA:3,_end
FNDA:3,(anonymous_5)
FNDA:3,(anonymous_6)
FNDA:4,(anonymous_7)
FNDA:2,_dir
FNDA:1,Reporter
DA:1,1
DA:2,1
DA:3,1
DA:4,1
DA:5,1
DA:12,1
DA:13,1
DA:14,1
DA:23,1
DA:24,2
DA:25,2
DA:35,1
DA:36,2
DA:37,2
DA:45,1
DA:47,3
DA:49,3
DA:59,3
DA:61,3
DA:62,1
DA:66,2
DA:67,3
DA:75,3
DA:76,3
DA:79,3
DA:80,1
DA:82,1
DA:83,4
DA:84,1
DA:90,2
DA:101,1
DA:102,2
DA:103,1
DA:111,1
DA:113,1
DA:115,1
DA:116,1
DA:117,1
DA:118,1
DA:119,1
DA:120,1
DA:121,1
DA:122,1
DA:124,1
LF:44
LH:44
BRDA:52,1,0,2
BRDA:52,1,1,1
BRDA:54,2,0,1
BRDA:54,2,1,2
BRDA:56,3,0,1
BRDA:56,3,1,2
BRDA:61,4,0,1
BRDA:61,4,1,2
BRDA:71,5,0,2
BRDA:71,5,1,1
BRDA:79,6,0,1
BRDA:79,6,1,2
BRDA:83,7,0,1
BRDA:83,7,1,3
BRDA:102,8,0,1
BRDA:102,8,1,1
BRF:16
BRH:16
end_of_record
TN:
SF:/Users/cliffano/dev/workspace/cmdt/lib/test.js
FN:13,load
FN:20,(anonymous_2)
FN:30,iter
FN:34,(anonymous_4)
FN:40,(anonymous_5)
FNF:5
FNH:5
FNDA:6,load
FNDA:8,(anonymous_2)
FNDA:5,iter
FNDA:5,(anonymous_4)
FNDA:6,(anonymous_5)
DA:1,1
DA:2,1
DA:3,1
DA:4,1
DA:5,1
DA:13,1
DA:15,6
DA:16,6
DA:17,6
DA:19,6
DA:20,6
DA:21,8
DA:22,2
DA:23,6
DA:24,1
DA:26,5
DA:30,1
DA:32,5
DA:34,5
DA:35,5
DA:36,5
DA:40,6
DA:41,6
DA:45,1
LF:24
LH:24
BRDA:19,1,0,6
BRDA:19,1,1,1
BRDA:21,2,0,2
BRDA:21,2,1,6
BRDA:23,3,0,1
BRDA:23,3,1,5
BRF:6
BRH:6
end_of_record
